<?xml version="1.0" encoding="UTF-8"?>
<!-- Generated by org.testng.reporters.JUnitXMLReporter -->
<testsuite ignored="0" hostname="DESKTOP-5BBFA1D" failures="0" tests="3" name="My Address Book Test Case" time="92.484" errors="0" timestamp="10 Jan 2021 15:38:35 GMT">
  <testcase classname="com.dollardays.testcases.MyAddressBookTestCase" name="addressBookCreate" time="1.136"/>
  <testcase classname="com.dollardays.testcases.MyAddressBookTestCase" name="addressBookLastCancel" time="15.997"/>
  <testcase classname="com.dollardays.testcases.MyAddressBookTestCase" name="login" time="9.076"/>
</testsuite> <!-- My Address Book Test Case -->
