<?xml version="1.0" encoding="UTF-8"?>
<!-- Generated by org.testng.reporters.JUnitXMLReporter -->
<testsuite ignored="0" hostname="DESKTOP-5BBFA1D" failures="0" tests="9" name="Test" time="461.38" errors="0" timestamp="10 Jan 2021 04:09:51 GMT">
  <testcase classname="com.dollardays.testcases.NewAccountTestcase" name="createlogin" time="22.067"/>
  <testcase classname="com.dollardays.testcases.NewAccountTestcase" name="createlogin" time="14.555"/>
  <testcase classname="com.dollardays.testcases.NewAccountTestcase" name="createlogin" time="14.706"/>
  <testcase classname="com.dollardays.testcases.NewAccountTestcase" name="createlogin" time="19.076"/>
  <testcase classname="com.dollardays.testcases.NewAccountTestcase" name="createlogin" time="25.773"/>
  <testcase classname="com.dollardays.testcases.NewAccountTestcase" name="createlogin" time="18.496"/>
  <testcase classname="com.dollardays.testcases.NewAccountTestcase" name="createlogin" time="20.228"/>
  <testcase classname="com.dollardays.testcases.NewAccountTestcase" name="createlogin" time="14.69"/>
  <testcase classname="com.dollardays.testcases.NewAccountTestcase" name="createlogin" time="16.842"/>
</testsuite> <!-- Test -->
