<?xml version="1.0" encoding="UTF-8"?>
<!-- Generated by org.testng.reporters.JUnitXMLReporter -->
<testsuite ignored="0" hostname="DESKTOP-5BBFA1D" failures="4" tests="4" name="My Wallet Test Case" time="169.003" errors="0" timestamp="10 Jan 2021 15:41:24 GMT">
  <testcase classname="com.dollardays.testcases.MyWalletTestcase" name="addWallet" time="6.831">
    <failure type="java.lang.AssertionError" message=" Successfully Logged into the HomePage expected [DollarDays | Bulk Goods for Nonprofits, Businesses &amp;amp; Schools | Wholesale Products] but found [Login or Register - DollarDays]">
      <![CDATA[java.lang.AssertionError:  Successfully Logged into the HomePage expected [DollarDays | Bulk Goods for Nonprofits, Businesses & Schools | Wholesale Products] but found [Login or Register - DollarDays]
at com.dollardays.pages.MyWalletPage.login(MyWalletPage.java:222)
at com.dollardays.testcases.MyWalletTestcase.addWallet(MyWalletTestcase.java:43)
... Removed 34 stack frames]]>
    </failure>
  </testcase> <!-- addWallet -->
  <testcase classname="com.dollardays.testcases.MyWalletTestcase" name="cancelWalletAdd" time="7.246">
    <failure type="java.lang.AssertionError" message=" Successfully Logged into the HomePage expected [DollarDays | Bulk Goods for Nonprofits, Businesses &amp;amp; Schools | Wholesale Products] but found [Login or Register - DollarDays]">
      <![CDATA[java.lang.AssertionError:  Successfully Logged into the HomePage expected [DollarDays | Bulk Goods for Nonprofits, Businesses & Schools | Wholesale Products] but found [Login or Register - DollarDays]
at com.dollardays.pages.MyWalletPage.login(MyWalletPage.java:222)
at com.dollardays.testcases.MyWalletTestcase.cancelWalletAdd(MyWalletTestcase.java:158)
... Removed 34 stack frames]]>
    </failure>
  </testcase> <!-- cancelWalletAdd -->
  <testcase classname="com.dollardays.testcases.MyWalletTestcase" name="editWallet" time="9.779">
    <failure type="java.lang.AssertionError" message=" Successfully Logged into the HomePage expected [DollarDays | Bulk Goods for Nonprofits, Businesses &amp;amp; Schools | Wholesale Products] but found [Login or Register - DollarDays]">
      <![CDATA[java.lang.AssertionError:  Successfully Logged into the HomePage expected [DollarDays | Bulk Goods for Nonprofits, Businesses & Schools | Wholesale Products] but found [Login or Register - DollarDays]
at com.dollardays.pages.MyWalletPage.login(MyWalletPage.java:222)
at com.dollardays.testcases.MyWalletTestcase.editWallet(MyWalletTestcase.java:272)
... Removed 34 stack frames]]>
    </failure>
  </testcase> <!-- editWallet -->
  <testcase classname="com.dollardays.testcases.MyWalletTestcase" name="setAsDefault" time="19.395">
    <failure type="java.lang.AssertionError" message=" Successfully Logged into the HomePage expected [DollarDays | Bulk Goods for Nonprofits, Businesses &amp;amp; Schools | Wholesale Products] but found [Login or Register - DollarDays]">
      <![CDATA[java.lang.AssertionError:  Successfully Logged into the HomePage expected [DollarDays | Bulk Goods for Nonprofits, Businesses & Schools | Wholesale Products] but found [Login or Register - DollarDays]
at com.dollardays.pages.MyWalletPage.login(MyWalletPage.java:222)
at com.dollardays.testcases.MyWalletTestcase.setAsDefault(MyWalletTestcase.java:385)
... Removed 34 stack frames]]>
    </failure>
  </testcase> <!-- setAsDefault -->
</testsuite> <!-- My Wallet Test Case -->
