<?xml version="1.0" encoding="UTF-8"?>
<testsuite xmlns:xsi="http://www.w3.org/2001/XMLSchema-instance" xsi:schemaLocation="https://maven.apache.org/surefire/maven-surefire-plugin/xsd/surefire-test-report.xsd" name="TestSuite" time="364.619" tests="9" errors="0" skipped="0" failures="2">
  <properties>
[...]
</properties>
  <testcase name="TC_08BestMatch" classname="com.dollardays.testcases.MyFavoritesTestcase" time="29.741"/>
  <testcase name="TC_09NewestFirst" classname="com.dollardays.testcases.MyFavoritesTestcase" time="32.496"/>
  <testcase name="TC_10Popularity" classname="com.dollardays.testcases.MyFavoritesTestcase" time="27.995"/>
  <testcase name="TC_11CaseQuantity" classname="com.dollardays.testcases.MyFavoritesTestcase" time="27.898"/>
  <testcase name="TC_12PricePerUnitLH" classname="com.dollardays.testcases.MyFavoritesTestcase" time="13.753">
    <failure message="Cannot locate element with text: Price Per Unit(Low to High)&#10;For documentation on this error, please visit: http://seleniumhq.org/exceptions/no_such_element.html&#10;Build info: version: &apos;2.53.1&apos;, revision: &apos;a36b8b1cd5757287168e54b817830adce9b0158d&apos;, time: &apos;2016-06-30 19:26:09&apos;&#10;System info: host: &apos;DESKTOP-5BBFA1D&apos;, ip: &apos;192.168.0.15&apos;, os.name: &apos;Windows 10&apos;, os.arch: &apos;amd64&apos;, os.version: &apos;10.0&apos;, java.version: &apos;14.0.2&apos;&#10;Driver info: driver.version: unknown" type="org.openqa.selenium.NoSuchElementException">org.openqa.selenium.NoSuchElementException: 
Cannot locate element with text: Price Per Unit(Low to High)
For documentation on this error, please visit: http://seleniumhq.org/exceptions/no_such_element.html
Build info: version: '2.53.1', revision: 'a36b8b1cd5757287168e54b817830adce9b0158d', time: '2016-06-30 19:26:09'
System info: host: 'DESKTOP-5BBFA1D', ip: '192.168.0.15', os.name: 'Windows 10', os.arch: 'amd64', os.version: '10.0', java.version: '14.0.2'
Driver info: driver.version: unknown
	at com.dollardays.testcases.MyFavoritesTestcase.TC_12PricePerUnitLH(MyFavoritesTestcase.java:289)
</failure>
    <system-out><![CDATA[*** Executed TestResult test successfully...
*** Executed TC_11CaseQuantity test successfully...
rowcount11

 colcount8
TC12 Sort By Price Per Unit (Low to High)  & View  - 12,24,48 No testingteams2021@gmail.com dGVhbTIwMjE= Price Per Unit(Low to High) Fail  *** Running test method TC_12PricePerUnitLH...
]]></system-out>
    <system-err><![CDATA[ChromeDriver was started successfully.
]]></system-err>
  </testcase>
  <testcase name="TC_13PricePerUnitHL" classname="com.dollardays.testcases.MyFavoritesTestcase" time="13.758">
    <failure message="Cannot locate element with text: Price Per Unit(High to Low)&#10;For documentation on this error, please visit: http://seleniumhq.org/exceptions/no_such_element.html&#10;Build info: version: &apos;2.53.1&apos;, revision: &apos;a36b8b1cd5757287168e54b817830adce9b0158d&apos;, time: &apos;2016-06-30 19:26:09&apos;&#10;System info: host: &apos;DESKTOP-5BBFA1D&apos;, ip: &apos;192.168.0.15&apos;, os.name: &apos;Windows 10&apos;, os.arch: &apos;amd64&apos;, os.version: &apos;10.0&apos;, java.version: &apos;14.0.2&apos;&#10;Driver info: driver.version: unknown" type="org.openqa.selenium.NoSuchElementException">org.openqa.selenium.NoSuchElementException: 
Cannot locate element with text: Price Per Unit(High to Low)
For documentation on this error, please visit: http://seleniumhq.org/exceptions/no_such_element.html
Build info: version: '2.53.1', revision: 'a36b8b1cd5757287168e54b817830adce9b0158d', time: '2016-06-30 19:26:09'
System info: host: 'DESKTOP-5BBFA1D', ip: '192.168.0.15', os.name: 'Windows 10', os.arch: 'amd64', os.version: '10.0', java.version: '14.0.2'
Driver info: driver.version: unknown
	at com.dollardays.testcases.MyFavoritesTestcase.TC_13PricePerUnitHL(MyFavoritesTestcase.java:344)
</failure>
    <system-out><![CDATA[*** Test execution TC_12PricePerUnitLH failed...
rowcount11

 colcount8
TC13 Sort By Price Per Unit(High to Low)  & View  - 12,24,48 No testingteams2021@gmail.com dGVhbTIwMjE= Price Per Unit(High to Low) Fail  *** Running test method TC_13PricePerUnitHL...
]]></system-out>
    <system-err><![CDATA[ChromeDriver was started successfully.
]]></system-err>
  </testcase>
  <testcase name="TC_14AlphabeticallyByName" classname="com.dollardays.testcases.MyFavoritesTestcase" time="37.79"/>
  <testcase name="TC_15AddtoFavorites" classname="com.dollardays.testcases.MyFavoritesTestcase" time="49.769"/>
  <testcase name="TC_16ValidateProdFavPage" classname="com.dollardays.testcases.MyFavoritesTestcase" time="31.385"/>
</testsuite>