<?xml version="1.0" encoding="UTF-8"?>
<!-- Generated by org.testng.reporters.JUnitXMLReporter -->
<testsuite ignored="0" hostname="DESKTOP-5BBFA1D" failures="0" tests="9" name="Test" time="233.069" errors="0" timestamp="10 Jan 2021 15:27:25 GMT">
  <testcase classname="com.dollardays.testcases.NewAccountTestcase" name="createlogin" time="14.319"/>
  <testcase classname="com.dollardays.testcases.NewAccountTestcase" name="createlogin" time="13.408"/>
  <testcase classname="com.dollardays.testcases.NewAccountTestcase" name="createlogin" time="13.273"/>
  <testcase classname="com.dollardays.testcases.NewAccountTestcase" name="createlogin" time="20.35"/>
  <testcase classname="com.dollardays.testcases.NewAccountTestcase" name="createlogin" time="14.034"/>
  <testcase classname="com.dollardays.testcases.NewAccountTestcase" name="createlogin" time="13.976"/>
  <testcase classname="com.dollardays.testcases.NewAccountTestcase" name="createlogin" time="13.16"/>
  <testcase classname="com.dollardays.testcases.NewAccountTestcase" name="createlogin" time="16.058"/>
  <testcase classname="com.dollardays.testcases.NewAccountTestcase" name="createlogin" time="13.942"/>
</testsuite> <!-- Test -->
